============================= test session starts =============================
platform win32 -- Python 3.13.13, pytest-9.0.3, pluggy-1.6.0 -- C:\Users\zdune\AppData\Local\Programs\Python\Python313\python.exe
cachedir: .pytest_cache
rootdir: C:\gh\vibedev
configfile: pyproject.toml
plugins: anyio-4.13.0, asyncio-1.3.0
asyncio: mode=Mode.STRICT, debug=False, asyncio_default_fixture_loop_scope=None, asyncio_default_test_loop_scope=function
collecting ... collected 0 items / 7 errors

=================================== ERRORS ====================================
________________ ERROR collecting sql_lineage/test___init__.py ________________
ImportError while importing test module 'C:\gh\vibedev\sql_lineage\test___init__.py'.
Hint: make sure your test modules/packages have valid Python names.
Traceback:
C:\Users\zdune\AppData\Local\Programs\Python\Python313\Lib\importlib\__init__.py:88: in import_module
    return _bootstrap._gcd_import(name[level:], package, level)
           ^^^^^^^^^^^^^^^^^^^^^^^^^^^^^^^^^^^^^^^^^^^^^^^^^^^^
sql_lineage\__init__.py:75: in <module>
    from sql_lineage.resolver import LineageResolver
E   ModuleNotFoundError: No module named 'sql_lineage.resolver'
________________ ERROR collecting sql_lineage/test_catalog.py _________________
ImportError while importing test module 'C:\gh\vibedev\sql_lineage\test_catalog.py'.
Hint: make sure your test modules/packages have valid Python names.
Traceback:
C:\Users\zdune\AppData\Local\Programs\Python\Python313\Lib\importlib\__init__.py:88: in import_module
    return _bootstrap._gcd_import(name[level:], package, level)
           ^^^^^^^^^^^^^^^^^^^^^^^^^^^^^^^^^^^^^^^^^^^^^^^^^^^^
sql_lineage\__init__.py:75: in <module>
    from sql_lineage.resolver import LineageResolver
E   ModuleNotFoundError: No module named 'sql_lineage.resolver'
_______________ ERROR collecting sql_lineage/test_exceptions.py _______________
ImportError while importing test module 'C:\gh\vibedev\sql_lineage\test_exceptions.py'.
Hint: make sure your test modules/packages have valid Python names.
Traceback:
C:\Users\zdune\AppData\Local\Programs\Python\Python313\Lib\importlib\__init__.py:88: in import_module
    return _bootstrap._gcd_import(name[level:], package, level)
           ^^^^^^^^^^^^^^^^^^^^^^^^^^^^^^^^^^^^^^^^^^^^^^^^^^^^
sql_lineage\__init__.py:75: in <module>
    from sql_lineage.resolver import LineageResolver
E   ModuleNotFoundError: No module named 'sql_lineage.resolver'
_________________ ERROR collecting sql_lineage/test_models.py _________________
ImportError while importing test module 'C:\gh\vibedev\sql_lineage\test_models.py'.
Hint: make sure your test modules/packages have valid Python names.
Traceback:
C:\Users\zdune\AppData\Local\Programs\Python\Python313\Lib\importlib\__init__.py:88: in import_module
    return _bootstrap._gcd_import(name[level:], package, level)
           ^^^^^^^^^^^^^^^^^^^^^^^^^^^^^^^^^^^^^^^^^^^^^^^^^^^^
sql_lineage\__init__.py:75: in <module>
    from sql_lineage.resolver import LineageResolver
E   ModuleNotFoundError: No module named 'sql_lineage.resolver'
_______________ ERROR collecting sql_lineage/test_normalizer.py _______________
ImportError while importing test module 'C:\gh\vibedev\sql_lineage\test_normalizer.py'.
Hint: make sure your test modules/packages have valid Python names.
Traceback:
C:\Users\zdune\AppData\Local\Programs\Python\Python313\Lib\importlib\__init__.py:88: in import_module
    return _bootstrap._gcd_import(name[level:], package, level)
           ^^^^^^^^^^^^^^^^^^^^^^^^^^^^^^^^^^^^^^^^^^^^^^^^^^^^
sql_lineage\__init__.py:75: in <module>
    from sql_lineage.resolver import LineageResolver
E   ModuleNotFoundError: No module named 'sql_lineage.resolver'
_________________ ERROR collecting sql_lineage/test_parser.py _________________
ImportError while importing test module 'C:\gh\vibedev\sql_lineage\test_parser.py'.
Hint: make sure your test modules/packages have valid Python names.
Traceback:
C:\Users\zdune\AppData\Local\Programs\Python\Python313\Lib\importlib\__init__.py:88: in import_module
    return _bootstrap._gcd_import(name[level:], package, level)
           ^^^^^^^^^^^^^^^^^^^^^^^^^^^^^^^^^^^^^^^^^^^^^^^^^^^^
sql_lineage\__init__.py:75: in <module>
    from sql_lineage.resolver import LineageResolver
E   ModuleNotFoundError: No module named 'sql_lineage.resolver'
________________ ERROR collecting sql_lineage/test_resolver.py ________________
ImportError while importing test module 'C:\gh\vibedev\sql_lineage\test_resolver.py'.
Hint: make sure your test modules/packages have valid Python names.
Traceback:
C:\Users\zdune\AppData\Local\Programs\Python\Python313\Lib\importlib\__init__.py:88: in import_module
    return _bootstrap._gcd_import(name[level:], package, level)
           ^^^^^^^^^^^^^^^^^^^^^^^^^^^^^^^^^^^^^^^^^^^^^^^^^^^^
sql_lineage\__init__.py:75: in <module>
    from sql_lineage.resolver import LineageResolver
E   ModuleNotFoundError: No module named 'sql_lineage.resolver'
=========================== short test summary info ===========================
ERROR sql_lineage/test___init__.py
ERROR sql_lineage/test_catalog.py
ERROR sql_lineage/test_exceptions.py
ERROR sql_lineage/test_models.py
ERROR sql_lineage/test_normalizer.py
ERROR sql_lineage/test_parser.py
ERROR sql_lineage/test_resolver.py
!!!!!!!!!!!!!!!!!!! Interrupted: 7 errors during collection !!!!!!!!!!!!!!!!!!!
============================== 7 errors in 0.72s ==============================
